make all --print-data-base --no-builtin-variables --no-builtin-rules --question
# GNU Make 4.2.1
# Built for x86_64-pc-linux-gnu
# Copyright (C) 1988-2016 Free Software Foundation, Inc.
# License GPLv3+: GNU GPL version 3 or later <http://gnu.org/licenses/gpl.html>
# This is free software: you are free to change and redistribute it.
# There is NO WARRANTY, to the extent permitted by law.

# Make data base, printed on Sat Jul 16 16:33:09 2022

# Variables

# automatic
<D = $(patsubst %/,%,$(dir $<))
# automatic
?F = $(notdir $?)
# environment
WSLENV = ELECTRON_RUN_AS_NODE/w:WT_SESSION::WT_PROFILE_ID
# default
.SHELLFLAGS := -c
# makefile (from 'Makefile', line 4)
SERVER = ./server.c 
# automatic
?D = $(patsubst %/,%,$(dir $?))
# automatic
@D = $(patsubst %/,%,$(dir $@))
# automatic
@F = $(notdir $@)
# makefile
CURDIR := /home/roassaf/semestres/5/redes/InternetRelayChat
# makefile
SHELL = /bin/sh
# makefile (from 'Makefile', line 3)
RM = rm
# environment
VSCODE_NLS_CONFIG = {"locale":"pt-br","availableLanguages":{"*":"pt-br"},"_languagePackId":"dc7ba51c4efcfec965eaa07de065afd6.pt-br","_translationsConfigFile":"/home/roassaf/.vscode-server/data/clp/dc7ba51c4efcfec965eaa07de065afd6.pt-br/tcf.json","_cacheRoot":"/home/roassaf/.vscode-server/data/clp/dc7ba51c4efcfec965eaa07de065afd6.pt-br","_resolvedLanguagePackCoreLocation":"/home/roassaf/.vscode-server/data/clp/dc7ba51c4efcfec965eaa07de065afd6.pt-br/b06ae3b2d2dbfe28bca3134cc6be65935cdfea6a","_corruptedFile":"/home/roassaf/.vscode-server/data/clp/dc7ba51c4efcfec965eaa07de065afd6.pt-br/corrupted.info","_languagePackSupport":true}
# environment
_ = /mnt/c/Users/rodas/AppData/Local/Programs/Microsoft VS Code/bin/code
# makefile (from 'Makefile', line 6)
CFLAGS = -Wall -Werror -pthread
# makefile (from 'Makefile', line 1)
MAKEFILE_LIST :=  Makefile
# 'override' directive
GNUMAKEFLAGS := 
# environment
P9K_SSH = 0
# environment
VSCODE_CWD = /mnt/c/Users/rodas/AppData/Local/Programs/Microsoft VS Code
# default
MAKE_HOST := x86_64-pc-linux-gnu
# environment
PATH = /home/roassaf/.vscode-server/bin/b06ae3b2d2dbfe28bca3134cc6be65935cdfea6a/bin/remote-cli:/home/roassaf/.nvm/versions/node/v18.2.0/bin:+/usr/local/sbin:/usr/local/bin:/usr/sbin:/usr/bin:/sbin:/bin:/usr/games:/usr/local/games:/usr/lib/wsl/lib:/mnt/c/Program Files/Common Files/Oracle/Java/javapath:/mnt/c/Windows/system32:/mnt/c/Windows:/mnt/c/Windows/System32/Wbem:/mnt/c/Windows/System32/WindowsPowerShell/v1.0/:/mnt/c/Windows/System32/OpenSSH/:/mnt/c/Program Files/nodejs/:/mnt/c/ProgramData/chocolatey/bin:/mnt/c/Python310/Scripts/:/mnt/c/Python310/:/mnt/c/Users/rodas/AppData/Local/Programs/Python/Python310/Scripts/:/mnt/c/Users/rodas/AppData/Local/Programs/Python/Python310/:/mnt/c/Users/rodas/AppData/Local/Microsoft/WindowsApps:/mnt/c/Users/rodas/AppData/Local/Programs/Microsoft VS Code/bin:/mnt/c/Users/rodas/AppData/Roaming/npm:/mnt/c/Program Files/JetBrains/IntelliJ IDEA 2022.1.3/bin:/home/dio/.cargo/bin
# environment
LSCOLORS = Gxfxcxdxbxegedabagacad
# environment
XDG_RUNTIME_DIR = /mnt/wslg/runtime-dir
# environment
NVM_BIN = /home/roassaf/.nvm/versions/node/v18.2.0/bin
# environment
ELECTRON_RUN_AS_NODE = 1
# environment
VSCODE_IPC_HOOK_CLI = /mnt/wslg/runtime-dir/vscode-ipc-aac6b097-cc22-41e6-bdaf-f64abda55a9a.sock
# default
.FEATURES := target-specific order-only second-expansion else-if shortest-stem undefine oneshell archives jobserver output-sync check-symlink load
# environment
LS_COLORS = ow=01;34
# automatic
%F = $(notdir $%)
# environment
DISPLAY = :0
# environment
PWD = /home/roassaf/semestres/5/redes/InternetRelayChat
# default
.LOADED := 
# environment
WSL_INTEROP = /run/WSL/9_interop
# environment
PULSE_SERVER = /mnt/wslg/PulseServer
# environment
WT_SESSION = 8741ab48-03f4-4c4d-8b09-17726caf16a1
# environment
VSCODE_AMD_ENTRYPOINT = vs/workbench/api/node/extensionHostProcess
# environment
HOME = /home/roassaf
# environment
LOGNAME = roassaf
# environment
APPLICATION_INSIGHTS_NO_DIAGNOSTIC_CHANNEL = 1
# environment
NVM_CD_FLAGS = -q
# environment
ZSH = /home/roassaf/.oh-my-zsh
# environment
VSCODE_HANDLES_UNCAUGHT_ERRORS = true
# automatic
^D = $(patsubst %/,%,$(dir $^))
# environment
MAKELEVEL := 0
# makefile (from 'Makefile', line 2)
MAKE = make
# default
MAKECMDGOALS := all
# environment
SHLVL = 1
# makefile (from 'Makefile', line 5)
CLIENT = ./client.c 
# default
MAKE_VERSION := 4.2.1
# environment
USER = roassaf
# makefile
.DEFAULT_GOAL := all
# environment
NAME = Code
# environment
LESS = -R
# automatic
%D = $(patsubst %/,%,$(dir $%))
# environment
VSCODE_WSL_EXT_LOCATION = /mnt/c/Users/rodas/.vscode/extensions/ms-vscode-remote.remote-wsl-0.66.3
# default
MAKE_COMMAND := make
# environment
OLDPWD = /mnt/c/Users/rodas/AppData/Local/Programs/Microsoft VS Code
# default
.VARIABLES := 
# automatic
*F = $(notdir $*)
# makefile
MAKEFLAGS = pqrR
# environment
MFLAGS = -pqrR
# automatic
*D = $(patsubst %/,%,$(dir $*))
# environment
NVM_DIR = /home/roassaf/.nvm
# automatic
+D = $(patsubst %/,%,$(dir $+))
# automatic
+F = $(notdir $+)
# environment
VSCODE_HANDLES_SIGPIPE = true
# environment
WT_PROFILE_ID = {2c4de342-38b7-51cf-b940-2309a097f518}
# default
MAKEFILES := 
# automatic
<F = $(notdir $<)
# environment
PAGER = less
# environment
LC_ALL = C
# makefile (from 'Makefile', line 1)
cc = gcc      
# environment
HOSTTYPE = x86_64
# environment
P9K_TTY = old
# automatic
^F = $(notdir $^)
# default
SUFFIXES := 
# environment
WAYLAND_DISPLAY = wayland-0
# default
.INCLUDE_DIRS = /usr/include /usr/local/include /usr/include
# default
.RECIPEPREFIX := 
# environment
LANG = C
# environment
TERM = xterm-256color
# environment
_P9K_TTY = /dev/pts/0
# environment
WSL_DISTRO_NAME = Ubuntu
# variable set hash-table stats:
# Load=82/1024=8%, Rehash=0, Collisions=4/117=3%

# Pattern-specific Variable Values

# No pattern-specific variable values.

# Directories

# . (device 2080, inode 6924): 12 files, no impossibilities.

# 12 files, no impossibilities in 1 directories.

# Implicit Rules

# No implicit rules.

# Files

all: client.c server.c
#  Command line target.
#  Implicit rule search has not been done.
#  Implicit/static pattern stem: ''
#  File does not exist.
#  File has been updated.
#  Needs to be updated (-q is set).
# automatic
# @ := all
# automatic
# % := 
# automatic
# * := 
# automatic
# + := client.c server.c
# automatic
# | := 
# automatic
# < := client.c
# automatic
# ^ := client.c server.c
# automatic
# ? := client.c server.c
# variable set hash-table stats:
# Load=8/32=25%, Rehash=0, Collisions=1/17=6%
#  recipe to execute (from 'Makefile', line 10):
	$(cc) -o client $(CLIENT) $(CFLAGS)
	$(cc) -o server $(SERVER) $(CFLAGS)

client_side:
#  Implicit rule search has not been done.
#  Modification time never checked.
#  File has not been updated.
#  recipe to execute (from 'Makefile', line 19):
	./client

# Not a target:
client:
#  Implicit rule search has not been done.
#  Modification time never checked.
#  File has not been updated.

zip:
#  Implicit rule search has not been done.
#  Modification time never checked.
#  File has not been updated.
#  recipe to execute (from 'Makefile', line 26):
	zip -v Redes_entrega_1.zip README.md Makefile client.c server.c utils.c utils.h

# Not a target:
.SUFFIXES:
#  Implicit rule search has not been done.
#  Modification time never checked.
#  File has not been updated.

# Not a target:
Makefile:
#  Implicit rule search has been done.
#  Last modified 2022-07-16 16:32:53.384979939
#  File has been updated.
#  Successfully updated.

server_side:
#  Implicit rule search has not been done.
#  Modification time never checked.
#  File has not been updated.
#  recipe to execute (from 'Makefile', line 15):
	./server

# Not a target:
server:
#  Implicit rule search has not been done.
#  Modification time never checked.
#  File has not been updated.

# Not a target:
client.c:
#  Implicit rule search has been done.
#  Last modified 2022-07-16 16:25:29.914975936
#  File has been updated.
#  Successfully updated.

# Not a target:
 
.DEFAULT:
#  Implicit rule search has not been done.
#  Modification time never checked.
#  File has not been updated.

# Not a target:
server.c:
#  Implicit rule search has been done.
#  Last modified 2022-07-16 16:32:18.194979622
#  File has been updated.
#  Successfully updated.

clean: server client
#  Implicit rule search has not been done.
#  Modification time never checked.
#  File has not been updated.
#  recipe to execute (from 'Makefile', line 22):
	$(RM) server
	$(RM) client

# files hash-table stats:
# Load=12/1024=1%, Rehash=0, Collisions=0/28=0%
# VPATH Search Paths

# No 'vpath' search paths.

# No general ('VPATH' variable) search path.

# strcache buffers: 1 (0) / strings = 23 / storage = 189 B / avg = 8 B
# current buf: size = 8162 B / used = 189 B / count = 23 / avg = 8 B

# strcache performance: lookups = 36 / hit rate = 36%
# hash-table stats:
# Load=23/8192=0%, Rehash=0, Collisions=1/36=3%
# Finished Make data base on Sat Jul 16 16:33:09 2022

 
